<?xml version="1.0" encoding="UTF-8"?>
<!-- Generated by org.testng.reporters.JUnitXMLReporter -->
<testsuite hostname="DELL-PC" name="Iteration2" tests="4" failures="0" timestamp="25 May 2018 07:11:48 GMT" time="12.282" errors="0">
  <testcase name="f1" time="12.245" classname="com.mypack.testNG.TestMethods"/>
  <testcase name="f2" time="0.001" classname="com.mypack.testNG.TestMethods">
    <skipped/>
  </testcase> <!-- f2 -->
  <testcase name="f3" time="0.0" classname="com.mypack.testNG.TestMethods">
    <skipped/>
  </testcase> <!-- f3 -->
  <testcase name="f4" time="0.001" classname="com.mypack.testNG.TestMethods">
    <skipped/>
  </testcase> <!-- f4 -->
</testsuite> <!-- Iteration2 -->
